	linux-vdso.so.1 (0x00007fff227f7000)
	libyaml-cpp.so.0.6 => /lib64/libyaml-cpp.so.0.6 (0x00007f5603fd6000)
	libspdlog.so.1 => /lib64/libspdlog.so.1 (0x00007f5603d56000)
	libfmt.so.6 => /lib64/libfmt.so.6 (0x00007f5603b11000)
	libdl.so.2 => /lib64/libdl.so.2 (0x00007f560390d000)
	libpthread.so.0 => /lib64/libpthread.so.0 (0x00007f56036ed000)
	libboost_filesystem.so.1.78.0 => /lib64/libboost_filesystem.so.1.78.0 (0x00007f56034c8000)
	libboost_iostreams.so.1.78.0 => /lib64/libboost_iostreams.so.1.78.0 (0x00007f56032b1000)
	libboost_program_options.so.1.78.0 => /lib64/libboost_program_options.so.1.78.0 (0x00007f5603051000)
	libboost_system.so.1.78.0 => /lib64/libboost_system.so.1.78.0 (0x00007f5602e4f000)
	libcurl.so.4 => /lib64/libcurl.so.4 (0x00007f5602bc0000)
	librdkafka++.so.1 => /opt/lsst/ts_sal/lib/librdkafka++.so.1 (0x00007f5602998000)
	librdkafka.so.1 => /opt/lsst/ts_sal/lib/librdkafka.so.1 (0x00007f560254f000)
	libavrocpp.so.1.11.1 => /opt/lsst/ts_sal/lib/libavrocpp.so.1.11.1 (0x00007f5602247000)
	libavro.so.23 => /opt/lsst/ts_sal/lib/libavro.so.23 (0x00007f5601ff9000)
	libjansson.so.4 => /lib64/libjansson.so.4 (0x00007f5601deb000)
	libstdc++.so.6 => /lib64/libstdc++.so.6 (0x00007f5601a56000)
	libm.so.6 => /lib64/libm.so.6 (0x00007f56016d4000)
	libgcc_s.so.1 => /lib64/libgcc_s.so.1 (0x00007f56014bc000)
	libc.so.6 => /lib64/libc.so.6 (0x00007f56010f7000)
	/lib64/ld-linux-x86-64.so.2 (0x00007f560424e000)
	libboost_atomic.so.1.78.0 => /lib64/libboost_atomic.so.1.78.0 (0x00007f5600eef000)
	librt.so.1 => /lib64/librt.so.1 (0x00007f5600ce7000)
	libz.so.1 => /lib64/libz.so.1 (0x00007f5600acf000)
	libbz2.so.1 => /lib64/libbz2.so.1 (0x00007f56008be000)
	liblzma.so.5 => /lib64/liblzma.so.5 (0x00007f5600697000)
	libzstd.so.1 => /lib64/libzstd.so.1 (0x00007f56003f3000)
	libnghttp2.so.14 => /lib64/libnghttp2.so.14 (0x00007f56001cc000)
	libidn2.so.0 => /lib64/libidn2.so.0 (0x00007f55fffae000)
	libssh.so.4 => /lib64/libssh.so.4 (0x00007f55ffd3e000)
	libpsl.so.5 => /lib64/libpsl.so.5 (0x00007f55ffb2d000)
	libssl.so.1.1 => /lib64/libssl.so.1.1 (0x00007f55ff899000)
	libcrypto.so.1.1 => /lib64/libcrypto.so.1.1 (0x00007f55ff3ae000)
	libgssapi_krb5.so.2 => /lib64/libgssapi_krb5.so.2 (0x00007f55ff159000)
	libkrb5.so.3 => /lib64/libkrb5.so.3 (0x00007f55fee6e000)
	libk5crypto.so.3 => /lib64/libk5crypto.so.3 (0x00007f55fec57000)
	libcom_err.so.2 => /lib64/libcom_err.so.2 (0x00007f55fea53000)
	libldap-2.4.so.2 => /lib64/libldap-2.4.so.2 (0x00007f55fe804000)
	liblber-2.4.so.2 => /lib64/liblber-2.4.so.2 (0x00007f55fe5f4000)
	libbrotlidec.so.1 => /lib64/libbrotlidec.so.1 (0x00007f55fe3e7000)
	libboost_regex.so.1.78.0 => /lib64/libboost_regex.so.1.78.0 (0x00007f55fe1a3000)
	libsnappy.so.1 => /lib64/libsnappy.so.1 (0x00007f55fdf98000)
	libunistring.so.2 => /lib64/libunistring.so.2 (0x00007f55fdc17000)
	libkrb5support.so.0 => /lib64/libkrb5support.so.0 (0x00007f55fda06000)
	libkeyutils.so.1 => /lib64/libkeyutils.so.1 (0x00007f55fd802000)
	libresolv.so.2 => /lib64/libresolv.so.2 (0x00007f55fd5ea000)
	libsasl2.so.3 => /lib64/libsasl2.so.3 (0x00007f55fd3cc000)
	libbrotlicommon.so.1 => /lib64/libbrotlicommon.so.1 (0x00007f55fd1ab000)
	libicudata.so.60 => /lib64/libicudata.so.60 (0x00007f55fb601000)
	libicui18n.so.60 => /lib64/libicui18n.so.60 (0x00007f55fb140000)
	libicuuc.so.60 => /lib64/libicuuc.so.60 (0x00007f55fad7e000)
	libselinux.so.1 => /lib64/libselinux.so.1 (0x00007f55fab53000)
	libcrypt.so.1 => /lib64/libcrypt.so.1 (0x00007f55fa92a000)
	libpcre2-8.so.0 => /lib64/libpcre2-8.so.0 (0x00007f55fa6a6000)
